app/build/intermediates/manifest_merge_blame_file/debug/manifest-merger-blame-debug-report.txt
1<?xml version="1.0" encoding="utf-8"?>
2<manifest xmlns:android="http://schemas.android.com/apk/res/android"
3    package="za.co.house4hack.paint3d"
4    android:installLocation="auto"
5    android:versionCode="2"
6    android:versionName="0.2" >
7
8    <uses-sdk
9        android:minSdkVersion="25"
9-->src/main/AndroidManifest.xml
10        android:targetSdkVersion="29" />
10-->src/main/AndroidManifest.xml
11
12    <uses-permission android:name="android.permission.WRITE_EXTERNAL_STORAGE" />
12-->src/main/AndroidManifest.xml:8:5-81
12-->src/main/AndroidManifest.xml:8:22-78
13
14    <application
14-->src/main/AndroidManifest.xml:10:5-43:19
15        android:appComponentFactory="androidx.core.app.CoreComponentFactory"
15-->[androidx.core:core:1.1.0] AndroidManifest.xml:24:18-86
16        android:debuggable="true"
17        android:extractNativeLibs="false"
18        android:icon="@drawable/ic_launcher"
18-->src/main/AndroidManifest.xml:11:9-45
19        android:label="@string/app_name"
19-->src/main/AndroidManifest.xml:12:9-41
20        android:testOnly="true"
21        android:theme="@style/AppTheme.NoActionBar" >
21-->src/main/AndroidManifest.xml:13:9-52
22        <activity android:name="za.co.house4hack.paint3d.MainActivity" >
22-->src/main/AndroidManifest.xml:14:9-21:20
22-->src/main/AndroidManifest.xml:14:19-47
23            <intent-filter>
23-->src/main/AndroidManifest.xml:15:13-19:29
24                <action android:name="android.intent.action.MAIN" />
24-->src/main/AndroidManifest.xml:16:17-69
24-->src/main/AndroidManifest.xml:16:25-66
25
26                <category android:name="android.intent.category.LAUNCHER" />
26-->src/main/AndroidManifest.xml:18:17-77
26-->src/main/AndroidManifest.xml:18:27-74
27            </intent-filter>
28        </activity>
29        <activity
29-->src/main/AndroidManifest.xml:22:9-39:20
30            android:name="za.co.house4hack.paint3d.Main"
30-->src/main/AndroidManifest.xml:23:13-33
31            android:label="@string/app_name"
31-->src/main/AndroidManifest.xml:24:13-45
32            android:screenOrientation="portrait" >
32-->src/main/AndroidManifest.xml:25:13-49
33            <intent-filter>
33-->src/main/AndroidManifest.xml:26:13-38:29
34
35                <!-- Associate with p3d file extension -->
36                <action android:name="android.intent.action.VIEW" />
36-->src/main/AndroidManifest.xml:29:17-69
36-->src/main/AndroidManifest.xml:29:25-66
37
38                <category android:name="android.intent.category.DEFAULT" />
38-->src/main/AndroidManifest.xml:31:17-76
38-->src/main/AndroidManifest.xml:31:27-73
39                <category android:name="android.intent.category.BROWSABLE" />
39-->src/main/AndroidManifest.xml:32:17-78
39-->src/main/AndroidManifest.xml:32:27-75
40
41                <data android:scheme="file" />
41-->src/main/AndroidManifest.xml:34:17-47
41-->src/main/AndroidManifest.xml:34:23-44
42                <data android:mimeType="*/*" />
42-->src/main/AndroidManifest.xml:34:17-47
42-->src/main/AndroidManifest.xml:35:23-45
43                <data android:pathPattern=".*\\.p3d" />
43-->src/main/AndroidManifest.xml:34:17-47
43-->src/main/AndroidManifest.xml:36:23-53
44                <data android:host="*" />
44-->src/main/AndroidManifest.xml:34:17-47
44-->src/main/AndroidManifest.xml:37:23-39
45            </intent-filter>
46        </activity>
47        <activity android:name="za.co.house4hack.paint3d.spen.SPenActivity" />
47-->src/main/AndroidManifest.xml:40:9-64
47-->src/main/AndroidManifest.xml:40:19-52
48        <activity android:name="za.co.house4hack.paint3d.spen.ListActivity" />
48-->src/main/AndroidManifest.xml:41:9-64
48-->src/main/AndroidManifest.xml:41:19-52
49        <activity android:name="za.co.house4hack.paint3d.Preferences" />
49-->src/main/AndroidManifest.xml:42:9-58
49-->src/main/AndroidManifest.xml:42:19-46
50    </application>
51
52</manifest>